[0814/081227:ERROR:renderer_main.cc(203)] Running without renderer sandbox
[0814/090832:ERROR:renderer_main.cc(203)] Running without renderer sandbox
[0814/090833:ERROR:child_discardable_shared_memory_manager.cc(266)] size: 4194304
[0814/090837:INFO:CONSOLE(206)] "Uncaught TypeError: Cannot read property 'permission' of undefined", source: http://mat1.gtimg.com/www/chrometips/notification2017_v0118.js (206)
[0814/090847:ERROR:child_discardable_shared_memory_manager.cc(266)] size: 4194304
[0814/090905:INFO:CONSOLE(0)] "Mixed Content: The page at 'https://strip.alicdn.com/tfscom/TB1zbzjPFXXXXb7XXXXXXXXXXXX.html?name=itemdsp&url=http%3A%2F%2Fgames.qq.com%2Fa%2F20170814%2F000769.htm%3Fpgv_ref%3Daio2015%26ptlang%3D2052&iswt=1&pid=tt_26051537_2367569_9322822&refpid=tt_26051537_2367569_9322822&refpos=,n,i&adx_type=0&pvid=0a6734bd00005990f82c12b000ed1241_0&ps_id=f984f7f93be7257ef81cb1f591a7c189&fl=10&x-client-scheme=http&tanxdspv=https%3a%2f%2frdstat.tanx.com%2ftrd%3ff%3d%26k%3da09e279ad7f7a12a%26p%3dmm_26051537_2367569_9322822%26pvid%3d0a6734bd00005990f82c12b000ed1241%26s%3d300x600%26d%3d17534123%26t%3d1502672940&u=http%3A%2F%2Fgames.qq.com%2Fa%2F20170814%2F000769.htm%3Fpgv_ref%3Daio2015%26ptlang%3D2052&r=&tp=2&tsid=0a6734bd00005990f82c12b000ed1241' was loaded over HTTPS, but requested an insecure image 'http://gtms03.alicdn.com/tps/i3/TB1rVYNKXXXXXaKXVXXvBLt6FXX-230-230.png_60x60.jpg_.webp'. This content should also be served over HTTPS.", source: https://strip.alicdn.com/tfscom/TB1zbzjPFXXXXb7XXXXXXXXXXXX.html?name=itemdsp&url=http%3A%2F%2Fgames.qq.com%2Fa%2F20170814%2F000769.htm%3Fpgv_ref%3Daio2015%26ptlang%3D2052&iswt=1&pid=tt_26051537_2367569_9322822&refpid=tt_26051537_2367569_9322822&refpos=,n,i&adx_type=0&pvid=0a6734bd00005990f82c12b000ed1241_0&ps_id=f984f7f93be7257ef81cb1f591a7c189&fl=10&x-client-scheme=http&tanxdspv=https%3a%2f%2frdstat.tanx.com%2ftrd%3ff%3d%26k%3da09e279ad7f7a12a%26p%3dmm_26051537_2367569_9322822%26pvid%3d0a6734bd00005990f82c12b000ed1241%26s%3d300x600%26d%3d17534123%26t%3d1502672940&u=http%3A%2F%2Fgames.qq.com%2Fa%2F20170814%2F000769.htm%3Fpgv_ref%3Daio2015%26ptlang%3D2052&r=&tp=2&tsid=0a6734bd00005990f82c12b000ed1241 (0)
[0814/090912:ERROR:child_discardable_shared_memory_manager.cc(266)] size: 4194304
[0814/090932:INFO:CONSOLE(0)] "Mixed Content: The page at 'https://strip.alicdn.com/tfscom/TB1zbzjPFXXXXb7XXXXXXXXXXXX.html?name=itemdsp&url=http%3A%2F%2Fgames.qq.com%2Fa%2F20170814%2F000769.htm%3Fpgv_ref%3Daio2015%26ptlang%3D2052&iswt=1&pid=tt_26051537_2367569_9322822&refpid=tt_26051537_2367569_9322822&refpos=,n,i&adx_type=0&pvid=0a6734bd00005990f82c12b000ed1241_0&ps_id=f984f7f93be7257ef81cb1f591a7c189&fl=10&x-client-scheme=http&tanxdspv=https%3a%2f%2frdstat.tanx.com%2ftrd%3ff%3d%26k%3da09e279ad7f7a12a%26p%3dmm_26051537_2367569_9322822%26pvid%3d0a6734bd00005990f82c12b000ed1241%26s%3d300x600%26d%3d17534123%26t%3d1502672940&u=http%3A%2F%2Fgames.qq.com%2Fa%2F20170814%2F000769.htm%3Fpgv_ref%3Daio2015%26ptlang%3D2052&r=&tp=2&tsid=0a6734bd00005990f82c12b000ed1241' was loaded over HTTPS, but requested an insecure image 'http://gtms03.alicdn.com/tps/i3/TB1rVYNKXXXXXaKXVXXvBLt6FXX-230-230.png_300x300.jpg_.webp'. This content should also be served over HTTPS.", source: https://strip.alicdn.com/tfscom/TB1zbzjPFXXXXb7XXXXXXXXXXXX.html?name=itemdsp&url=http%3A%2F%2Fgames.qq.com%2Fa%2F20170814%2F000769.htm%3Fpgv_ref%3Daio2015%26ptlang%3D2052&iswt=1&pid=tt_26051537_2367569_9322822&refpid=tt_26051537_2367569_9322822&refpos=,n,i&adx_type=0&pvid=0a6734bd00005990f82c12b000ed1241_0&ps_id=f984f7f93be7257ef81cb1f591a7c189&fl=10&x-client-scheme=http&tanxdspv=https%3a%2f%2frdstat.tanx.com%2ftrd%3ff%3d%26k%3da09e279ad7f7a12a%26p%3dmm_26051537_2367569_9322822%26pvid%3d0a6734bd00005990f82c12b000ed1241%26s%3d300x600%26d%3d17534123%26t%3d1502672940&u=http%3A%2F%2Fgames.qq.com%2Fa%2F20170814%2F000769.htm%3Fpgv_ref%3Daio2015%26ptlang%3D2052&r=&tp=2&tsid=0a6734bd00005990f82c12b000ed1241 (0)
[0814/091453:ERROR:child_discardable_shared_memory_manager.cc(266)] size: 4194304
[0814/091705:ERROR:child_discardable_shared_memory_manager.cc(266)] size: 4194304
[0814/092009:ERROR:child_discardable_shared_memory_manager.cc(266)] size: 4194304
[0814/092041:ERROR:child_discardable_shared_memory_manager.cc(266)] size: 4194304
[0814/093119:ERROR:child_discardable_shared_memory_manager.cc(266)] size: 4194304
[0814/093251:ERROR:child_discardable_shared_memory_manager.cc(266)] size: 4194304
[0814/094244:ERROR:child_discardable_shared_memory_manager.cc(266)] size: 4194304
[0814/094809:ERROR:child_discardable_shared_memory_manager.cc(266)] size: 4194304
[0814/095820:ERROR:child_discardable_shared_memory_manager.cc(266)] size: 4194304
[0814/101358:ERROR:child_discardable_shared_memory_manager.cc(266)] size: 4194304
[0814/102318:ERROR:child_discardable_shared_memory_manager.cc(266)] size: 4194304
[0814/102614:ERROR:child_discardable_shared_memory_manager.cc(266)] size: 4194304
[0814/102905:ERROR:child_discardable_shared_memory_manager.cc(266)] size: 4194304
[0814/103750:ERROR:renderer_main.cc(203)] Running without renderer sandbox
[0814/103750:ERROR:child_discardable_shared_memory_manager.cc(266)] size: 4194304
[0814/103751:INFO:CONSOLE(206)] "Uncaught TypeError: Cannot read property 'permission' of undefined", source: http://mat1.gtimg.com/www/chrometips/notification2017_v0118.js (206)
[0814/103751:INFO:CONSOLE(1163)] "Uncaught TypeError: Cannot read property 'all' of undefined", source: http://mat1.gtimg.com/gamezone/gamesindex2016/js/games20170620.js (1163)
[0814/103751:ERROR:child_discardable_shared_memory_manager.cc(266)] size: 4194304
[0814/103752:INFO:CONSOLE(206)] "Uncaught TypeError: Cannot read property 'permission' of undefined", source: http://mat1.gtimg.com/www/chrometips/notification2017_v0118.js (206)
[0814/103752:ERROR:child_discardable_shared_memory_manager.cc(266)] size: 4194304
[0814/103753:ERROR:child_discardable_shared_memory_manager.cc(266)] size: 4194304
[0814/103755:ERROR:child_discardable_shared_memory_manager.cc(266)] size: 4194304
[0814/103756:ERROR:child_discardable_shared_memory_manager.cc(266)] size: 4194304
[0814/103758:ERROR:child_discardable_shared_memory_manager.cc(266)] size: 4194304
[0814/103759:ERROR:child_discardable_shared_memory_manager.cc(266)] size: 4194304
[0814/103800:ERROR:child_discardable_shared_memory_manager.cc(266)] size: 4194304
[0814/103836:WARNING:raw_channel_win.cc(473)] WriteFile: 管道正在被关闭。 (0xE8)
[0814/103836:WARNING:channel.cc(549)] Failed to send message to ack remove remote endpoint (local ID 1, remote ID 1)
[0814/103836:WARNING:channel.cc(549)] Failed to send message to ack remove remote endpoint (local ID 2147483648, remote ID 2)
[0814/103843:ERROR:renderer_main.cc(203)] Running without renderer sandbox
[0814/103843:ERROR:child_discardable_shared_memory_manager.cc(266)] size: 4194304
[0814/103843:INFO:CONSOLE(206)] "Uncaught TypeError: Cannot read property 'permission' of undefined", source: http://mat1.gtimg.com/www/chrometips/notification2017_v0118.js (206)
[0814/103844:ERROR:child_discardable_shared_memory_manager.cc(266)] size: 4194304
[0814/103844:ERROR:child_discardable_shared_memory_manager.cc(266)] size: 4194304
[0814/103845:ERROR:child_discardable_shared_memory_manager.cc(266)] size: 4194304
[0814/103846:ERROR:child_discardable_shared_memory_manager.cc(266)] size: 4194304
[0814/103846:ERROR:child_discardable_shared_memory_manager.cc(266)] size: 4194304
[0814/103847:ERROR:child_discardable_shared_memory_manager.cc(266)] size: 4194304
[0814/103847:ERROR:child_discardable_shared_memory_manager.cc(266)] size: 4194304
[0814/103847:ERROR:child_discardable_shared_memory_manager.cc(266)] size: 4194304
