[ 2017-05-12T01:39:29+08:00 ] 111.161.61.49 /index.php/Wxpay/jsapi
ERR: curl出错，错误码:28

[ 2017-05-12T08:02:56+08:00 ] 36.104.9.72 /index.php/Wxpay/jsapi
ERR: curl出错，错误码:28

[ 2017-05-12T09:22:06+08:00 ] 180.153.201.15 /index.php/orderfund/orderfund
ERR: 无法加载控制器:Orderfund

[ 2017-05-12T11:36:59+08:00 ] 140.207.185.112 /index.php/refundsearch/refund_search
ERR: 无法加载控制器:Refundsearch

[ 2017-05-12T11:47:02+08:00 ] 111.26.33.195 /index.php/Wxpay/jsapi
ERR: curl出错，错误码:28

[ 2017-05-12T16:49:36+08:00 ] 139.214.35.242 /index.php/Download/downloadorder
ERR: Array

[ 2017-05-12T16:50:02+08:00 ] 139.214.35.242 /index.php/Download/downloadorder
ERR: {"Code":500,"Description":"\u4f7f\u7528 JSON JavaScriptSerializer \u8fdb\u884c\u5e8f\u5217\u5316\u6216\u53cd\u5e8f\u5217\u5316\u65f6\u51fa\u9519\u3002\u5b57\u7b26\u4e32\u7684\u957f\u5ea6\u8d85\u8fc7\u4e86\u4e3a maxJsonLength \u5c5e\u6027\u8bbe\u7f6e\u7684\u503c\u3002","Data":null}

[ 2017-05-12T16:51:21+08:00 ] 139.214.35.242 /index.php/Download/downloadorder
ERR: {"Code":500,"Description":"\u4f7f\u7528 JSON JavaScriptSerializer \u8fdb\u884c\u5e8f\u5217\u5316\u6216\u53cd\u5e8f\u5217\u5316\u65f6\u51fa\u9519\u3002\u5b57\u7b26\u4e32\u7684\u957f\u5ea6\u8d85\u8fc7\u4e86\u4e3a maxJsonLength \u5c5e\u6027\u8bbe\u7f6e\u7684\u503c\u3002","Data":null}

[ 2017-05-12T16:51:36+08:00 ] 139.214.35.242 /index.php/Download/downloadorder
ERR: {"Code":500,"Description":"\u4f7f\u7528 JSON JavaScriptSerializer \u8fdb\u884c\u5e8f\u5217\u5316\u6216\u53cd\u5e8f\u5217\u5316\u65f6\u51fa\u9519\u3002\u5b57\u7b26\u4e32\u7684\u957f\u5ea6\u8d85\u8fc7\u4e86\u4e3a maxJsonLength \u5c5e\u6027\u8bbe\u7f6e\u7684\u503c\u3002","Data":null}

[ 2017-05-12T16:52:02+08:00 ] 139.214.35.242 /index.php/Download/downloadorder
ERR: {"Code":500,"Description":"\u4f7f\u7528 JSON JavaScriptSerializer \u8fdb\u884c\u5e8f\u5217\u5316\u6216\u53cd\u5e8f\u5217\u5316\u65f6\u51fa\u9519\u3002\u5b57\u7b26\u4e32\u7684\u957f\u5ea6\u8d85\u8fc7\u4e86\u4e3a maxJsonLength \u5c5e\u6027\u8bbe\u7f6e\u7684\u503c\u3002","Data":null}

[ 2017-05-12T16:52:14+08:00 ] 139.214.35.242 /index.php/Download/downloadorder
ERR: {"Code":500,"Description":"\u4f7f\u7528 JSON JavaScriptSerializer \u8fdb\u884c\u5e8f\u5217\u5316\u6216\u53cd\u5e8f\u5217\u5316\u65f6\u51fa\u9519\u3002\u5b57\u7b26\u4e32\u7684\u957f\u5ea6\u8d85\u8fc7\u4e86\u4e3a maxJsonLength \u5c5e\u6027\u8bbe\u7f6e\u7684\u503c\u3002","Data":null}

[ 2017-05-12T16:52:59+08:00 ] 139.214.35.242 /index.php/Download/downloadorder
ERR: {"Code":500,"Description":"\u4f7f\u7528 JSON JavaScriptSerializer \u8fdb\u884c\u5e8f\u5217\u5316\u6216\u53cd\u5e8f\u5217\u5316\u65f6\u51fa\u9519\u3002\u5b57\u7b26\u4e32\u7684\u957f\u5ea6\u8d85\u8fc7\u4e86\u4e3a maxJsonLength \u5c5e\u6027\u8bbe\u7f6e\u7684\u503c\u3002","Data":null}----{"Time_Start":"2017-05-12 00:00:00","Time_end":"2017-05-12 23:59:59","Out_trade_no":"","CustomerName":"","Customer":"","Pay_Type":"","CustomersTopSysNo":3}

[ 2017-05-12T17:03:04+08:00 ] 139.214.35.242 /index.php/Download/downloadorder
ERR: {"Time_Start":"2017-05-10 00:00:00","Time_end":"2017-05-12 23:59:59","Out_trade_no":"","CustomerName":"","Customer":"","Pay_Type":"","CustomersTopSysNo":3,"PagingInfo":{"PageSize":2000,"PageNumber":1}}
ERR: {"Time_Start":"2017-05-10 00:00:00","Time_end":"2017-05-12 23:59:59","Out_trade_no":"","CustomerName":"","Customer":"","Pay_Type":"","CustomersTopSysNo":3,"PagingInfo":{"PageSize":2000,"PageNumber":2}}
ERR: {"Time_Start":"2017-05-10 00:00:00","Time_end":"2017-05-12 23:59:59","Out_trade_no":"","CustomerName":"","Customer":"","Pay_Type":"","CustomersTopSysNo":3,"PagingInfo":{"PageSize":2000,"PageNumber":3}}
ERR: {"Time_Start":"2017-05-10 00:00:00","Time_end":"2017-05-12 23:59:59","Out_trade_no":"","CustomerName":"","Customer":"","Pay_Type":"","CustomersTopSysNo":3,"PagingInfo":{"PageSize":2000,"PageNumber":4}}
ERR: {"Time_Start":"2017-05-10 00:00:00","Time_end":"2017-05-12 23:59:59","Out_trade_no":"","CustomerName":"","Customer":"","Pay_Type":"","CustomersTopSysNo":3,"PagingInfo":{"PageSize":2000,"PageNumber":5}}
ERR: {"Time_Start":"2017-05-10 00:00:00","Time_end":"2017-05-12 23:59:59","Out_trade_no":"","CustomerName":"","Customer":"","Pay_Type":"","CustomersTopSysNo":3,"PagingInfo":{"PageSize":2000,"PageNumber":6}}

[ 2017-05-12T17:03:30+08:00 ] 139.214.35.242 /index.php/Download/downloadorder
ERR: {"Time_Start":"2017-05-07 00:00:00","Time_end":"2017-05-12 23:59:59","Out_trade_no":"","CustomerName":"","Customer":"","Pay_Type":"","CustomersTopSysNo":3,"PagingInfo":{"PageSize":2000,"PageNumber":1}}----https://payapi.yunlaohu.cn/IPP3Order/IPP3OrderListSP 
ERR: {"Time_Start":"2017-05-07 00:00:00","Time_end":"2017-05-12 23:59:59","Out_trade_no":"","CustomerName":"","Customer":"","Pay_Type":"","CustomersTopSysNo":3,"PagingInfo":{"PageSize":2000,"PageNumber":2}}----https://payapi.yunlaohu.cn/IPP3Order/IPP3OrderListSP 
ERR: {"Time_Start":"2017-05-07 00:00:00","Time_end":"2017-05-12 23:59:59","Out_trade_no":"","CustomerName":"","Customer":"","Pay_Type":"","CustomersTopSysNo":3,"PagingInfo":{"PageSize":2000,"PageNumber":3}}----https://payapi.yunlaohu.cn/IPP3Order/IPP3OrderListSP 
ERR: {"Time_Start":"2017-05-07 00:00:00","Time_end":"2017-05-12 23:59:59","Out_trade_no":"","CustomerName":"","Customer":"","Pay_Type":"","CustomersTopSysNo":3,"PagingInfo":{"PageSize":2000,"PageNumber":4}}----https://payapi.yunlaohu.cn/IPP3Order/IPP3OrderListSP 
ERR: {"Time_Start":"2017-05-07 00:00:00","Time_end":"2017-05-12 23:59:59","Out_trade_no":"","CustomerName":"","Customer":"","Pay_Type":"","CustomersTopSysNo":3,"PagingInfo":{"PageSize":2000,"PageNumber":5}}----https://payapi.yunlaohu.cn/IPP3Order/IPP3OrderListSP 
ERR: {"Time_Start":"2017-05-07 00:00:00","Time_end":"2017-05-12 23:59:59","Out_trade_no":"","CustomerName":"","Customer":"","Pay_Type":"","CustomersTopSysNo":3,"PagingInfo":{"PageSize":2000,"PageNumber":6}}----https://payapi.yunlaohu.cn/IPP3Order/IPP3OrderListSP 
ERR: {"Time_Start":"2017-05-07 00:00:00","Time_end":"2017-05-12 23:59:59","Out_trade_no":"","CustomerName":"","Customer":"","Pay_Type":"","CustomersTopSysNo":3,"PagingInfo":{"PageSize":2000,"PageNumber":7}}----https://payapi.yunlaohu.cn/IPP3Order/IPP3OrderListSP 
ERR: {"Time_Start":"2017-05-07 00:00:00","Time_end":"2017-05-12 23:59:59","Out_trade_no":"","CustomerName":"","Customer":"","Pay_Type":"","CustomersTopSysNo":3,"PagingInfo":{"PageSize":2000,"PageNumber":8}}----https://payapi.yunlaohu.cn/IPP3Order/IPP3OrderListSP 
ERR: {"Time_Start":"2017-05-07 00:00:00","Time_end":"2017-05-12 23:59:59","Out_trade_no":"","CustomerName":"","Customer":"","Pay_Type":"","CustomersTopSysNo":3,"PagingInfo":{"PageSize":2000,"PageNumber":9}}----https://payapi.yunlaohu.cn/IPP3Order/IPP3OrderListSP 
ERR: {"Time_Start":"2017-05-07 00:00:00","Time_end":"2017-05-12 23:59:59","Out_trade_no":"","CustomerName":"","Customer":"","Pay_Type":"","CustomersTopSysNo":3,"PagingInfo":{"PageSize":2000,"PageNumber":10}}----https://payapi.yunlaohu.cn/IPP3Order/IPP3OrderListSP 

[ 2017-05-12T17:04:53+08:00 ] 139.214.35.242 /index.php/Download/downloadorder
ERR: {"Time_Start":"2017-05-07 00:00:00","Time_end":"2017-05-12 23:59:59","Out_trade_no":"","CustomerName":"","Customer":"","Pay_Type":"","CustomersTopSysNo":3,"PagingInfo":{"PageSize":2000,"PageNumber":1}}----https://payapi.yunlaohu.cn/IPP3Order/IPP3OrderListSP 
ERR: {"Time_Start":"2017-05-07 00:00:00","Time_end":"2017-05-12 23:59:59","Out_trade_no":"","CustomerName":"","Customer":"","Pay_Type":"","CustomersTopSysNo":3,"PagingInfo":{"PageSize":2000,"PageNumber":2}}----https://payapi.yunlaohu.cn/IPP3Order/IPP3OrderListSP 
ERR: {"Time_Start":"2017-05-07 00:00:00","Time_end":"2017-05-12 23:59:59","Out_trade_no":"","CustomerName":"","Customer":"","Pay_Type":"","CustomersTopSysNo":3,"PagingInfo":{"PageSize":2000,"PageNumber":3}}----https://payapi.yunlaohu.cn/IPP3Order/IPP3OrderListSP 
ERR: {"Time_Start":"2017-05-07 00:00:00","Time_end":"2017-05-12 23:59:59","Out_trade_no":"","CustomerName":"","Customer":"","Pay_Type":"","CustomersTopSysNo":3,"PagingInfo":{"PageSize":2000,"PageNumber":4}}----https://payapi.yunlaohu.cn/IPP3Order/IPP3OrderListSP 
ERR: {"Time_Start":"2017-05-07 00:00:00","Time_end":"2017-05-12 23:59:59","Out_trade_no":"","CustomerName":"","Customer":"","Pay_Type":"","CustomersTopSysNo":3,"PagingInfo":{"PageSize":2000,"PageNumber":5}}----https://payapi.yunlaohu.cn/IPP3Order/IPP3OrderListSP 
ERR: {"Time_Start":"2017-05-07 00:00:00","Time_end":"2017-05-12 23:59:59","Out_trade_no":"","CustomerName":"","Customer":"","Pay_Type":"","CustomersTopSysNo":3,"PagingInfo":{"PageSize":2000,"PageNumber":6}}----https://payapi.yunlaohu.cn/IPP3Order/IPP3OrderListSP 
ERR: {"Time_Start":"2017-05-07 00:00:00","Time_end":"2017-05-12 23:59:59","Out_trade_no":"","CustomerName":"","Customer":"","Pay_Type":"","CustomersTopSysNo":3,"PagingInfo":{"PageSize":2000,"PageNumber":7}}----https://payapi.yunlaohu.cn/IPP3Order/IPP3OrderListSP 
ERR: {"Time_Start":"2017-05-07 00:00:00","Time_end":"2017-05-12 23:59:59","Out_trade_no":"","CustomerName":"","Customer":"","Pay_Type":"","CustomersTopSysNo":3,"PagingInfo":{"PageSize":2000,"PageNumber":8}}----https://payapi.yunlaohu.cn/IPP3Order/IPP3OrderListSP 
ERR: {"Time_Start":"2017-05-07 00:00:00","Time_end":"2017-05-12 23:59:59","Out_trade_no":"","CustomerName":"","Customer":"","Pay_Type":"","CustomersTopSysNo":3,"PagingInfo":{"PageSize":2000,"PageNumber":9}}----https://payapi.yunlaohu.cn/IPP3Order/IPP3OrderListSP 
ERR: {"Time_Start":"2017-05-07 00:00:00","Time_end":"2017-05-12 23:59:59","Out_trade_no":"","CustomerName":"","Customer":"","Pay_Type":"","CustomersTopSysNo":3,"PagingInfo":{"PageSize":2000,"PageNumber":10}}----https://payapi.yunlaohu.cn/IPP3Order/IPP3OrderListSP 

[ 2017-05-12T17:07:25+08:00 ] 139.214.35.242 /index.php/Download/downloadorder
ERR: {"Time_Start":"2017-05-07 00:00:00","Time_end":"2017-05-12 23:59:59","Out_trade_no":"","CustomerName":"","Customer":"","Pay_Type":"","CustomersTopSysNo":3,"PagingInfo":{"PageSize":2000,"PageNumber":1}}----https://payapi.yunlaohu.cn/IPP3Order/IPP3OrderListSP 
ERR: {"Time_Start":"2017-05-07 00:00:00","Time_end":"2017-05-12 23:59:59","Out_trade_no":"","CustomerName":"","Customer":"","Pay_Type":"","CustomersTopSysNo":3,"PagingInfo":{"PageSize":2000,"PageNumber":2}}----https://payapi.yunlaohu.cn/IPP3Order/IPP3OrderListSP 
ERR: {"Time_Start":"2017-05-07 00:00:00","Time_end":"2017-05-12 23:59:59","Out_trade_no":"","CustomerName":"","Customer":"","Pay_Type":"","CustomersTopSysNo":3,"PagingInfo":{"PageSize":2000,"PageNumber":3}}----https://payapi.yunlaohu.cn/IPP3Order/IPP3OrderListSP 
ERR: {"Time_Start":"2017-05-07 00:00:00","Time_end":"2017-05-12 23:59:59","Out_trade_no":"","CustomerName":"","Customer":"","Pay_Type":"","CustomersTopSysNo":3,"PagingInfo":{"PageSize":2000,"PageNumber":4}}----https://payapi.yunlaohu.cn/IPP3Order/IPP3OrderListSP 
ERR: {"Time_Start":"2017-05-07 00:00:00","Time_end":"2017-05-12 23:59:59","Out_trade_no":"","CustomerName":"","Customer":"","Pay_Type":"","CustomersTopSysNo":3,"PagingInfo":{"PageSize":2000,"PageNumber":5}}----https://payapi.yunlaohu.cn/IPP3Order/IPP3OrderListSP 
ERR: {"Time_Start":"2017-05-07 00:00:00","Time_end":"2017-05-12 23:59:59","Out_trade_no":"","CustomerName":"","Customer":"","Pay_Type":"","CustomersTopSysNo":3,"PagingInfo":{"PageSize":2000,"PageNumber":6}}----https://payapi.yunlaohu.cn/IPP3Order/IPP3OrderListSP 
ERR: {"Time_Start":"2017-05-07 00:00:00","Time_end":"2017-05-12 23:59:59","Out_trade_no":"","CustomerName":"","Customer":"","Pay_Type":"","CustomersTopSysNo":3,"PagingInfo":{"PageSize":2000,"PageNumber":7}}----https://payapi.yunlaohu.cn/IPP3Order/IPP3OrderListSP 
ERR: {"Time_Start":"2017-05-07 00:00:00","Time_end":"2017-05-12 23:59:59","Out_trade_no":"","CustomerName":"","Customer":"","Pay_Type":"","CustomersTopSysNo":3,"PagingInfo":{"PageSize":2000,"PageNumber":8}}----https://payapi.yunlaohu.cn/IPP3Order/IPP3OrderListSP 
ERR: {"Time_Start":"2017-05-07 00:00:00","Time_end":"2017-05-12 23:59:59","Out_trade_no":"","CustomerName":"","Customer":"","Pay_Type":"","CustomersTopSysNo":3,"PagingInfo":{"PageSize":2000,"PageNumber":9}}----https://payapi.yunlaohu.cn/IPP3Order/IPP3OrderListSP 
ERR: {"Time_Start":"2017-05-07 00:00:00","Time_end":"2017-05-12 23:59:59","Out_trade_no":"","CustomerName":"","Customer":"","Pay_Type":"","CustomersTopSysNo":3,"PagingInfo":{"PageSize":2000,"PageNumber":10}}----https://payapi.yunlaohu.cn/IPP3Order/IPP3OrderListSP 
ERR: {"Time_Start":"2017-05-07 00:00:00","Time_end":"2017-05-12 23:59:59","Out_trade_no":"","CustomerName":"","Customer":"","Pay_Type":"","CustomersTopSysNo":3,"PagingInfo":{"PageSize":2000,"PageNumber":11}}----https://payapi.yunlaohu.cn/IPP3Order/IPP3OrderListSP 
ERR: {"Time_Start":"2017-05-07 00:00:00","Time_end":"2017-05-12 23:59:59","Out_trade_no":"","CustomerName":"","Customer":"","Pay_Type":"","CustomersTopSysNo":3,"PagingInfo":{"PageSize":2000,"PageNumber":12}}----https://payapi.yunlaohu.cn/IPP3Order/IPP3OrderListSP 
ERR: {"Time_Start":"2017-05-07 00:00:00","Time_end":"2017-05-12 23:59:59","Out_trade_no":"","CustomerName":"","Customer":"","Pay_Type":"","CustomersTopSysNo":3,"PagingInfo":{"PageSize":2000,"PageNumber":13}}----https://payapi.yunlaohu.cn/IPP3Order/IPP3OrderListSP 
ERR: {"Time_Start":"2017-05-07 00:00:00","Time_end":"2017-05-12 23:59:59","Out_trade_no":"","CustomerName":"","Customer":"","Pay_Type":"","CustomersTopSysNo":3,"PagingInfo":{"PageSize":2000,"PageNumber":14}}----https://payapi.yunlaohu.cn/IPP3Order/IPP3OrderListSP 

[ 2017-05-12T17:59:02+08:00 ] 139.214.38.120 /index.php/Download/downloadorder
ERR: Think\Controller:exportposts方法不存在！

[ 2017-05-12T17:59:06+08:00 ] 139.214.38.120 /index.php/Download/downloadorder
ERR: Think\Controller:exportposts方法不存在！

[ 2017-05-12T18:09:26+08:00 ] 139.214.38.120 /index.php/Download/downloadorder
ERR: {"Time_Start":"2017-05-12 00:00:00","Time_end":"2017-05-12 23:59:59","Out_trade_no":"","CustomerName":"","Customer":"","Pay_Type":"","CustomersTopSysNo":3,"PagingInfo":{"PageSize":2000,"PageNumber":1}}----https://payapi.yunlaohu.cn/IPP3Order/IPP3OrderListSP 

[ 2017-05-12T18:11:18+08:00 ] 139.214.38.120 /index.php/Download/downloadorder
ERR: {"Time_Start":"2017-05-07 00:00:00","Time_end":"2017-05-12 23:59:59","Out_trade_no":"","CustomerName":"","Customer":"","Pay_Type":"","CustomersTopSysNo":3,"PagingInfo":{"PageSize":2000,"PageNumber":1}}----https://payapi.yunlaohu.cn/IPP3Order/IPP3OrderListSP 
ERR: {"Time_Start":"2017-05-07 00:00:00","Time_end":"2017-05-12 23:59:59","Out_trade_no":"","CustomerName":"","Customer":"","Pay_Type":"","CustomersTopSysNo":3,"PagingInfo":{"PageSize":2000,"PageNumber":2}}----https://payapi.yunlaohu.cn/IPP3Order/IPP3OrderListSP 
ERR: {"Time_Start":"2017-05-07 00:00:00","Time_end":"2017-05-12 23:59:59","Out_trade_no":"","CustomerName":"","Customer":"","Pay_Type":"","CustomersTopSysNo":3,"PagingInfo":{"PageSize":2000,"PageNumber":3}}----https://payapi.yunlaohu.cn/IPP3Order/IPP3OrderListSP 
ERR: {"Time_Start":"2017-05-07 00:00:00","Time_end":"2017-05-12 23:59:59","Out_trade_no":"","CustomerName":"","Customer":"","Pay_Type":"","CustomersTopSysNo":3,"PagingInfo":{"PageSize":2000,"PageNumber":4}}----https://payapi.yunlaohu.cn/IPP3Order/IPP3OrderListSP 
ERR: {"Time_Start":"2017-05-07 00:00:00","Time_end":"2017-05-12 23:59:59","Out_trade_no":"","CustomerName":"","Customer":"","Pay_Type":"","CustomersTopSysNo":3,"PagingInfo":{"PageSize":2000,"PageNumber":5}}----https://payapi.yunlaohu.cn/IPP3Order/IPP3OrderListSP 
ERR: {"Time_Start":"2017-05-07 00:00:00","Time_end":"2017-05-12 23:59:59","Out_trade_no":"","CustomerName":"","Customer":"","Pay_Type":"","CustomersTopSysNo":3,"PagingInfo":{"PageSize":2000,"PageNumber":6}}----https://payapi.yunlaohu.cn/IPP3Order/IPP3OrderListSP 
ERR: {"Time_Start":"2017-05-07 00:00:00","Time_end":"2017-05-12 23:59:59","Out_trade_no":"","CustomerName":"","Customer":"","Pay_Type":"","CustomersTopSysNo":3,"PagingInfo":{"PageSize":2000,"PageNumber":7}}----https://payapi.yunlaohu.cn/IPP3Order/IPP3OrderListSP 
ERR: {"Time_Start":"2017-05-07 00:00:00","Time_end":"2017-05-12 23:59:59","Out_trade_no":"","CustomerName":"","Customer":"","Pay_Type":"","CustomersTopSysNo":3,"PagingInfo":{"PageSize":2000,"PageNumber":8}}----https://payapi.yunlaohu.cn/IPP3Order/IPP3OrderListSP 
ERR: {"Time_Start":"2017-05-07 00:00:00","Time_end":"2017-05-12 23:59:59","Out_trade_no":"","CustomerName":"","Customer":"","Pay_Type":"","CustomersTopSysNo":3,"PagingInfo":{"PageSize":2000,"PageNumber":9}}----https://payapi.yunlaohu.cn/IPP3Order/IPP3OrderListSP 
ERR: {"Time_Start":"2017-05-07 00:00:00","Time_end":"2017-05-12 23:59:59","Out_trade_no":"","CustomerName":"","Customer":"","Pay_Type":"","CustomersTopSysNo":3,"PagingInfo":{"PageSize":2000,"PageNumber":10}}----https://payapi.yunlaohu.cn/IPP3Order/IPP3OrderListSP 
ERR: {"Time_Start":"2017-05-07 00:00:00","Time_end":"2017-05-12 23:59:59","Out_trade_no":"","CustomerName":"","Customer":"","Pay_Type":"","CustomersTopSysNo":3,"PagingInfo":{"PageSize":2000,"PageNumber":11}}----https://payapi.yunlaohu.cn/IPP3Order/IPP3OrderListSP 
ERR: {"Time_Start":"2017-05-07 00:00:00","Time_end":"2017-05-12 23:59:59","Out_trade_no":"","CustomerName":"","Customer":"","Pay_Type":"","CustomersTopSysNo":3,"PagingInfo":{"PageSize":2000,"PageNumber":12}}----https://payapi.yunlaohu.cn/IPP3Order/IPP3OrderListSP 
ERR: {"Time_Start":"2017-05-07 00:00:00","Time_end":"2017-05-12 23:59:59","Out_trade_no":"","CustomerName":"","Customer":"","Pay_Type":"","CustomersTopSysNo":3,"PagingInfo":{"PageSize":2000,"PageNumber":13}}----https://payapi.yunlaohu.cn/IPP3Order/IPP3OrderListSP 
ERR: {"Time_Start":"2017-05-07 00:00:00","Time_end":"2017-05-12 23:59:59","Out_trade_no":"","CustomerName":"","Customer":"","Pay_Type":"","CustomersTopSysNo":3,"PagingInfo":{"PageSize":2000,"PageNumber":14}}----https://payapi.yunlaohu.cn/IPP3Order/IPP3OrderListSP 
ERR: {"Time_Start":"2017-05-07 00:00:00","Time_end":"2017-05-12 23:59:59","Out_trade_no":"","CustomerName":"","Customer":"","Pay_Type":"","CustomersTopSysNo":3,"PagingInfo":{"PageSize":2000,"PageNumber":15}}----https://payapi.yunlaohu.cn/IPP3Order/IPP3OrderListSP 

[ 2017-05-12T18:13:11+08:00 ] 139.214.38.120 /index.php/Download/downloadorder
ERR: {"Time_Start":"2017-05-07 00:00:00","Time_end":"2017-05-12 23:59:59","Out_trade_no":"","CustomerName":"","Customer":"","Pay_Type":"","CustomersTopSysNo":3,"PagingInfo":{"PageSize":2000,"PageNumber":1}}----https://payapi.yunlaohu.cn/IPP3Order/IPP3OrderListSP 
ERR: {"Time_Start":"2017-05-07 00:00:00","Time_end":"2017-05-12 23:59:59","Out_trade_no":"","CustomerName":"","Customer":"","Pay_Type":"","CustomersTopSysNo":3,"PagingInfo":{"PageSize":2000,"PageNumber":2}}----https://payapi.yunlaohu.cn/IPP3Order/IPP3OrderListSP 
ERR: {"Time_Start":"2017-05-07 00:00:00","Time_end":"2017-05-12 23:59:59","Out_trade_no":"","CustomerName":"","Customer":"","Pay_Type":"","CustomersTopSysNo":3,"PagingInfo":{"PageSize":2000,"PageNumber":3}}----https://payapi.yunlaohu.cn/IPP3Order/IPP3OrderListSP 
ERR: {"Time_Start":"2017-05-07 00:00:00","Time_end":"2017-05-12 23:59:59","Out_trade_no":"","CustomerName":"","Customer":"","Pay_Type":"","CustomersTopSysNo":3,"PagingInfo":{"PageSize":2000,"PageNumber":4}}----https://payapi.yunlaohu.cn/IPP3Order/IPP3OrderListSP 
ERR: {"Time_Start":"2017-05-07 00:00:00","Time_end":"2017-05-12 23:59:59","Out_trade_no":"","CustomerName":"","Customer":"","Pay_Type":"","CustomersTopSysNo":3,"PagingInfo":{"PageSize":2000,"PageNumber":5}}----https://payapi.yunlaohu.cn/IPP3Order/IPP3OrderListSP 
ERR: {"Time_Start":"2017-05-07 00:00:00","Time_end":"2017-05-12 23:59:59","Out_trade_no":"","CustomerName":"","Customer":"","Pay_Type":"","CustomersTopSysNo":3,"PagingInfo":{"PageSize":2000,"PageNumber":6}}----https://payapi.yunlaohu.cn/IPP3Order/IPP3OrderListSP 
ERR: {"Time_Start":"2017-05-07 00:00:00","Time_end":"2017-05-12 23:59:59","Out_trade_no":"","CustomerName":"","Customer":"","Pay_Type":"","CustomersTopSysNo":3,"PagingInfo":{"PageSize":2000,"PageNumber":7}}----https://payapi.yunlaohu.cn/IPP3Order/IPP3OrderListSP 
ERR: {"Time_Start":"2017-05-07 00:00:00","Time_end":"2017-05-12 23:59:59","Out_trade_no":"","CustomerName":"","Customer":"","Pay_Type":"","CustomersTopSysNo":3,"PagingInfo":{"PageSize":2000,"PageNumber":8}}----https://payapi.yunlaohu.cn/IPP3Order/IPP3OrderListSP 
ERR: {"Time_Start":"2017-05-07 00:00:00","Time_end":"2017-05-12 23:59:59","Out_trade_no":"","CustomerName":"","Customer":"","Pay_Type":"","CustomersTopSysNo":3,"PagingInfo":{"PageSize":2000,"PageNumber":9}}----https://payapi.yunlaohu.cn/IPP3Order/IPP3OrderListSP 
ERR: {"Time_Start":"2017-05-07 00:00:00","Time_end":"2017-05-12 23:59:59","Out_trade_no":"","CustomerName":"","Customer":"","Pay_Type":"","CustomersTopSysNo":3,"PagingInfo":{"PageSize":2000,"PageNumber":10}}----https://payapi.yunlaohu.cn/IPP3Order/IPP3OrderListSP 
ERR: {"Time_Start":"2017-05-07 00:00:00","Time_end":"2017-05-12 23:59:59","Out_trade_no":"","CustomerName":"","Customer":"","Pay_Type":"","CustomersTopSysNo":3,"PagingInfo":{"PageSize":2000,"PageNumber":11}}----https://payapi.yunlaohu.cn/IPP3Order/IPP3OrderListSP 
ERR: {"Time_Start":"2017-05-07 00:00:00","Time_end":"2017-05-12 23:59:59","Out_trade_no":"","CustomerName":"","Customer":"","Pay_Type":"","CustomersTopSysNo":3,"PagingInfo":{"PageSize":2000,"PageNumber":12}}----https://payapi.yunlaohu.cn/IPP3Order/IPP3OrderListSP 
ERR: {"Time_Start":"2017-05-07 00:00:00","Time_end":"2017-05-12 23:59:59","Out_trade_no":"","CustomerName":"","Customer":"","Pay_Type":"","CustomersTopSysNo":3,"PagingInfo":{"PageSize":2000,"PageNumber":13}}----https://payapi.yunlaohu.cn/IPP3Order/IPP3OrderListSP 
ERR: {"Time_Start":"2017-05-07 00:00:00","Time_end":"2017-05-12 23:59:59","Out_trade_no":"","CustomerName":"","Customer":"","Pay_Type":"","CustomersTopSysNo":3,"PagingInfo":{"PageSize":2000,"PageNumber":14}}----https://payapi.yunlaohu.cn/IPP3Order/IPP3OrderListSP 
ERR: {"Time_Start":"2017-05-07 00:00:00","Time_end":"2017-05-12 23:59:59","Out_trade_no":"","CustomerName":"","Customer":"","Pay_Type":"","CustomersTopSysNo":3,"PagingInfo":{"PageSize":2000,"PageNumber":15}}----https://payapi.yunlaohu.cn/IPP3Order/IPP3OrderListSP 

[ 2017-05-12T18:17:59+08:00 ] 139.214.38.120 /index.php/Download/downloadorder
ERR: {"Time_Start":"2017-05-07 00:00:00","Time_end":"2017-05-12 23:59:59","Out_trade_no":"","CustomerName":"","Customer":"","Pay_Type":"","CustomersTopSysNo":3,"PagingInfo":{"PageSize":2000,"PageNumber":1}}----https://payapi.yunlaohu.cn/IPP3Order/IPP3OrderListSP 
ERR: {"Time_Start":"2017-05-07 00:00:00","Time_end":"2017-05-12 23:59:59","Out_trade_no":"","CustomerName":"","Customer":"","Pay_Type":"","CustomersTopSysNo":3,"PagingInfo":{"PageSize":2000,"PageNumber":2}}----https://payapi.yunlaohu.cn/IPP3Order/IPP3OrderListSP 
ERR: {"Time_Start":"2017-05-07 00:00:00","Time_end":"2017-05-12 23:59:59","Out_trade_no":"","CustomerName":"","Customer":"","Pay_Type":"","CustomersTopSysNo":3,"PagingInfo":{"PageSize":2000,"PageNumber":3}}----https://payapi.yunlaohu.cn/IPP3Order/IPP3OrderListSP 
ERR: {"Time_Start":"2017-05-07 00:00:00","Time_end":"2017-05-12 23:59:59","Out_trade_no":"","CustomerName":"","Customer":"","Pay_Type":"","CustomersTopSysNo":3,"PagingInfo":{"PageSize":2000,"PageNumber":4}}----https://payapi.yunlaohu.cn/IPP3Order/IPP3OrderListSP 
ERR: {"Time_Start":"2017-05-07 00:00:00","Time_end":"2017-05-12 23:59:59","Out_trade_no":"","CustomerName":"","Customer":"","Pay_Type":"","CustomersTopSysNo":3,"PagingInfo":{"PageSize":2000,"PageNumber":5}}----https://payapi.yunlaohu.cn/IPP3Order/IPP3OrderListSP 
ERR: {"Time_Start":"2017-05-07 00:00:00","Time_end":"2017-05-12 23:59:59","Out_trade_no":"","CustomerName":"","Customer":"","Pay_Type":"","CustomersTopSysNo":3,"PagingInfo":{"PageSize":2000,"PageNumber":6}}----https://payapi.yunlaohu.cn/IPP3Order/IPP3OrderListSP 
ERR: {"Time_Start":"2017-05-07 00:00:00","Time_end":"2017-05-12 23:59:59","Out_trade_no":"","CustomerName":"","Customer":"","Pay_Type":"","CustomersTopSysNo":3,"PagingInfo":{"PageSize":2000,"PageNumber":7}}----https://payapi.yunlaohu.cn/IPP3Order/IPP3OrderListSP 
ERR: {"Time_Start":"2017-05-07 00:00:00","Time_end":"2017-05-12 23:59:59","Out_trade_no":"","CustomerName":"","Customer":"","Pay_Type":"","CustomersTopSysNo":3,"PagingInfo":{"PageSize":2000,"PageNumber":8}}----https://payapi.yunlaohu.cn/IPP3Order/IPP3OrderListSP 
ERR: {"Time_Start":"2017-05-07 00:00:00","Time_end":"2017-05-12 23:59:59","Out_trade_no":"","CustomerName":"","Customer":"","Pay_Type":"","CustomersTopSysNo":3,"PagingInfo":{"PageSize":2000,"PageNumber":9}}----https://payapi.yunlaohu.cn/IPP3Order/IPP3OrderListSP 
ERR: {"Time_Start":"2017-05-07 00:00:00","Time_end":"2017-05-12 23:59:59","Out_trade_no":"","CustomerName":"","Customer":"","Pay_Type":"","CustomersTopSysNo":3,"PagingInfo":{"PageSize":2000,"PageNumber":10}}----https://payapi.yunlaohu.cn/IPP3Order/IPP3OrderListSP 
ERR: {"Time_Start":"2017-05-07 00:00:00","Time_end":"2017-05-12 23:59:59","Out_trade_no":"","CustomerName":"","Customer":"","Pay_Type":"","CustomersTopSysNo":3,"PagingInfo":{"PageSize":2000,"PageNumber":11}}----https://payapi.yunlaohu.cn/IPP3Order/IPP3OrderListSP 
ERR: {"Time_Start":"2017-05-07 00:00:00","Time_end":"2017-05-12 23:59:59","Out_trade_no":"","CustomerName":"","Customer":"","Pay_Type":"","CustomersTopSysNo":3,"PagingInfo":{"PageSize":2000,"PageNumber":12}}----https://payapi.yunlaohu.cn/IPP3Order/IPP3OrderListSP 
ERR: {"Time_Start":"2017-05-07 00:00:00","Time_end":"2017-05-12 23:59:59","Out_trade_no":"","CustomerName":"","Customer":"","Pay_Type":"","CustomersTopSysNo":3,"PagingInfo":{"PageSize":2000,"PageNumber":13}}----https://payapi.yunlaohu.cn/IPP3Order/IPP3OrderListSP 
ERR: {"Time_Start":"2017-05-07 00:00:00","Time_end":"2017-05-12 23:59:59","Out_trade_no":"","CustomerName":"","Customer":"","Pay_Type":"","CustomersTopSysNo":3,"PagingInfo":{"PageSize":2000,"PageNumber":14}}----https://payapi.yunlaohu.cn/IPP3Order/IPP3OrderListSP 
ERR: {"Time_Start":"2017-05-07 00:00:00","Time_end":"2017-05-12 23:59:59","Out_trade_no":"","CustomerName":"","Customer":"","Pay_Type":"","CustomersTopSysNo":3,"PagingInfo":{"PageSize":2000,"PageNumber":15}}----https://payapi.yunlaohu.cn/IPP3Order/IPP3OrderListSP 

[ 2017-05-12T18:20:23+08:00 ] 139.214.38.120 /index.php/Download/downloadorder
ERR: {"Time_Start":"2017-05-07 00:00:00","Time_end":"2017-05-12 23:59:59","Out_trade_no":"","CustomerName":"","Customer":"","Pay_Type":"","CustomersTopSysNo":3,"PagingInfo":{"PageSize":2000,"PageNumber":1}}----https://payapi.yunlaohu.cn/IPP3Order/IPP3OrderListSP 
ERR: {"Time_Start":"2017-05-07 00:00:00","Time_end":"2017-05-12 23:59:59","Out_trade_no":"","CustomerName":"","Customer":"","Pay_Type":"","CustomersTopSysNo":3,"PagingInfo":{"PageSize":2000,"PageNumber":2}}----https://payapi.yunlaohu.cn/IPP3Order/IPP3OrderListSP 
ERR: {"Time_Start":"2017-05-07 00:00:00","Time_end":"2017-05-12 23:59:59","Out_trade_no":"","CustomerName":"","Customer":"","Pay_Type":"","CustomersTopSysNo":3,"PagingInfo":{"PageSize":2000,"PageNumber":3}}----https://payapi.yunlaohu.cn/IPP3Order/IPP3OrderListSP 
ERR: {"Time_Start":"2017-05-07 00:00:00","Time_end":"2017-05-12 23:59:59","Out_trade_no":"","CustomerName":"","Customer":"","Pay_Type":"","CustomersTopSysNo":3,"PagingInfo":{"PageSize":2000,"PageNumber":4}}----https://payapi.yunlaohu.cn/IPP3Order/IPP3OrderListSP 
ERR: {"Time_Start":"2017-05-07 00:00:00","Time_end":"2017-05-12 23:59:59","Out_trade_no":"","CustomerName":"","Customer":"","Pay_Type":"","CustomersTopSysNo":3,"PagingInfo":{"PageSize":2000,"PageNumber":5}}----https://payapi.yunlaohu.cn/IPP3Order/IPP3OrderListSP 
ERR: {"Time_Start":"2017-05-07 00:00:00","Time_end":"2017-05-12 23:59:59","Out_trade_no":"","CustomerName":"","Customer":"","Pay_Type":"","CustomersTopSysNo":3,"PagingInfo":{"PageSize":2000,"PageNumber":6}}----https://payapi.yunlaohu.cn/IPP3Order/IPP3OrderListSP 
ERR: {"Time_Start":"2017-05-07 00:00:00","Time_end":"2017-05-12 23:59:59","Out_trade_no":"","CustomerName":"","Customer":"","Pay_Type":"","CustomersTopSysNo":3,"PagingInfo":{"PageSize":2000,"PageNumber":7}}----https://payapi.yunlaohu.cn/IPP3Order/IPP3OrderListSP 
ERR: {"Time_Start":"2017-05-07 00:00:00","Time_end":"2017-05-12 23:59:59","Out_trade_no":"","CustomerName":"","Customer":"","Pay_Type":"","CustomersTopSysNo":3,"PagingInfo":{"PageSize":2000,"PageNumber":8}}----https://payapi.yunlaohu.cn/IPP3Order/IPP3OrderListSP 
ERR: {"Time_Start":"2017-05-07 00:00:00","Time_end":"2017-05-12 23:59:59","Out_trade_no":"","CustomerName":"","Customer":"","Pay_Type":"","CustomersTopSysNo":3,"PagingInfo":{"PageSize":2000,"PageNumber":9}}----https://payapi.yunlaohu.cn/IPP3Order/IPP3OrderListSP 
ERR: {"Time_Start":"2017-05-07 00:00:00","Time_end":"2017-05-12 23:59:59","Out_trade_no":"","CustomerName":"","Customer":"","Pay_Type":"","CustomersTopSysNo":3,"PagingInfo":{"PageSize":2000,"PageNumber":10}}----https://payapi.yunlaohu.cn/IPP3Order/IPP3OrderListSP 
ERR: {"Time_Start":"2017-05-07 00:00:00","Time_end":"2017-05-12 23:59:59","Out_trade_no":"","CustomerName":"","Customer":"","Pay_Type":"","CustomersTopSysNo":3,"PagingInfo":{"PageSize":2000,"PageNumber":11}}----https://payapi.yunlaohu.cn/IPP3Order/IPP3OrderListSP 
ERR: {"Time_Start":"2017-05-07 00:00:00","Time_end":"2017-05-12 23:59:59","Out_trade_no":"","CustomerName":"","Customer":"","Pay_Type":"","CustomersTopSysNo":3,"PagingInfo":{"PageSize":2000,"PageNumber":12}}----https://payapi.yunlaohu.cn/IPP3Order/IPP3OrderListSP 
ERR: {"Time_Start":"2017-05-07 00:00:00","Time_end":"2017-05-12 23:59:59","Out_trade_no":"","CustomerName":"","Customer":"","Pay_Type":"","CustomersTopSysNo":3,"PagingInfo":{"PageSize":2000,"PageNumber":13}}----https://payapi.yunlaohu.cn/IPP3Order/IPP3OrderListSP 
ERR: {"Time_Start":"2017-05-07 00:00:00","Time_end":"2017-05-12 23:59:59","Out_trade_no":"","CustomerName":"","Customer":"","Pay_Type":"","CustomersTopSysNo":3,"PagingInfo":{"PageSize":2000,"PageNumber":14}}----https://payapi.yunlaohu.cn/IPP3Order/IPP3OrderListSP 
ERR: {"Time_Start":"2017-05-07 00:00:00","Time_end":"2017-05-12 23:59:59","Out_trade_no":"","CustomerName":"","Customer":"","Pay_Type":"","CustomersTopSysNo":3,"PagingInfo":{"PageSize":2000,"PageNumber":15}}----https://payapi.yunlaohu.cn/IPP3Order/IPP3OrderListSP 

[ 2017-05-12T23:04:48+08:00 ] 61.49.57.60 /index.php/Wxpay/jsapi
ERR: curl出错，错误码:28

